<?xml version="1.0"?>
<testsuites>
  <testsuite name="PhantomJS 1.9.8 (Windows 8)" package="" timestamp="2015-07-31T09:27:07" id="0" hostname="Pawel">
    <properties>
      <property name="browser.fullName" value="Mozilla/5.0 (Windows NT 6.2; WOW64) AppleWebKit/534.34 (KHTML, like Gecko) PhantomJS/1.9.8 Safari/534.34"/>
    </properties>
  </testsuite>
  <testsuite name="PhantomJS 1.9.8 (Windows 8)" package="" timestamp="2015-07-31T09:27:07" id="0" hostname="Pawel" tests="3" errors="1" failures="3" time="0.022">
    <properties>
      <property name="browser.fullName" value="Mozilla/5.0 (Windows NT 6.2; WOW64) AppleWebKit/534.34 (KHTML, like Gecko) PhantomJS/1.9.8 Safari/534.34"/>
    </properties>
    <testcase name="should display &quot;My name is : Box. I am 50px and red&quot; alert message" time="0.018" classname="PhantomJS 1.9.8 (Windows 8).box smallBox">
      <failure type="">Error: [$injector:modulerr] Failed to instantiate module templates due to:
Error: [$injector:nomod] Module &apos;templates&apos; is not available! You either misspelled the module name or forgot to load it. If registering a module ensure that you specify the dependencies as the second argument.
http://errors.angularjs.org/1.3.0/$injector/nomod?p0=templates
    at C:/Users/Paweł/Documents/GitHub/angular-egghead-exercises/app/bower_components/angular/angular.js:1799
    at ensure (C:/Users/Paweł/Documents/GitHub/angular-egghead-exercises/app/bower_components/angular/angular.js:1721)
    at module (C:/Users/Paweł/Documents/GitHub/angular-egghead-exercises/app/bower_components/angular/angular.js:2017)
    at C:/Users/Paweł/Documents/GitHub/angular-egghead-exercises/app/bower_components/angular/angular.js:4064
    at forEach (C:/Users/Paweł/Documents/GitHub/angular-egghead-exercises/app/bower_components/angular/angular.js:335)
    at loadModules (C:/Users/Paweł/Documents/GitHub/angular-egghead-exercises/app/bower_components/angular/angular.js:4090)
    at createInjector (C:/Users/Paweł/Documents/GitHub/angular-egghead-exercises/app/bower_components/angular/angular.js:3974)
    at workFn (C:/Users/Paweł/Documents/GitHub/angular-egghead-exercises/app/bower_components/angular-mocks/angular-mocks.js:2244)
http://errors.angularjs.org/1.3.0/$injector/modulerr?p0=templates&amp;p1=Error%3A%20%5B%24injector%3Anomod%5D%20Module%20&apos;templates&apos;%20is%20not%20available!%20You%20either%20misspelled%20the%20module%20name%20or%20forgot%20to%20load%20it.%20If%20registering%20a%20module%20ensure%20that%20you%20specify%20the%20dependencies%20as%20the%20second%20argument.%0Ahttp%3A%2F%2Ferrors.angularjs.org%2F1.3.0%2F%24injector%2Fnomod%3Fp0%3Dtemplates%0A%20%20%20%20at%20http%3A%2F%2Flocalhost%3A8081%2Fbase%2Fbower_components%2Fangular%2Fangular.js%3Fb7cb79dedc270711f70c105f6615ad7a7d9d3369%3A1799%0A%20%20%20%20at%20ensure%20(http%3A%2F%2Flocalhost%3A8081%2Fbase%2Fbower_components%2Fangular%2Fangular.js%3Fb7cb79dedc270711f70c105f6615ad7a7d9d3369%3A1721)%0A%20%20%20%20at%20module%20(http%3A%2F%2Flocalhost%3A8081%2Fbase%2Fbower_components%2Fangular%2Fangular.js%3Fb7cb79dedc270711f70c105f6615ad7a7d9d3369%3A2017)%0A%20%20%20%20at%20http%3A%2F%2Flocalhost%3A8081%2Fbase%2Fbower_components%2Fangular%2Fangular.js%3Fb7cb79dedc270711f70c105f6615ad7a7d9d3369%3A4064%0A%20%20%20%20at%20forEach%20(http%3A%2F%2Flocalhost%3A8081%2Fbase%2Fbower_components%2Fangular%2Fangular.js%3Fb7cb79dedc270711f70c105f6615ad7a7d9d3369%3A335)%0A%20%20%20%20at%20loadModules%20(http%3A%2F%2Flocalhost%3A8081%2Fbase%2Fbower_components%2Fangular%2Fangular.js%3Fb7cb79dedc270711f70c105f6615ad7a7d9d3369%3A4090)%0A%20%20%20%20at%20createInjector%20(http%3A%2F%2Flocalhost%3A8081%2Fbase%2Fbower_components%2Fangular%2Fangular.js%3Fb7cb79dedc270711f70c105f6615ad7a7d9d3369%3A3974)%0A%20%20%20%20at%20workFn%20(http%3A%2F%2Flocalhost%3A8081%2Fbase%2Fbower_components%2Fangular-mocks%2Fangular-mocks.js%3F4aa2e6ee0fcd5a57346fdd013e4f2a173647b8b9%3A2244)%0A%20%20%20%20at%20http%3A%2F%2Flocalhost%3A8081%2FabsoluteC%3A%2FUsers%2FPawe%25C5%2582%2FDocuments%2FGitHub%2Fangular-egghead-exercises%2Fnode_modules%2Fkarma-jasmine%2Flib%2Fjasmine.js%3F437512c57124d57f5ec77e2e82bfb4e3cdd15cce%3A1145%0A%20%20%20%20at%20http%3A%2F%2Flocalhost%3A8081%2FabsoluteC%3A%2FUsers%2FPawe%25C5%2582%2FDocuments%2FGitHub%2Fangular-egghead-exercises%2Fnode_modules%2Fkarma-jasmine%2Flib%2Fjasmine.js%3F437512c57124d57f5ec77e2e82bfb4e3cdd15cce%3A2177%0A%20%20%20%20at%20http%3A%2F%2Flocalhost%3A8081%2FabsoluteC%3A%2FUsers%2FPawe%25C5%2582%2FDocuments%2FGitHub%2Fangular-egghead-exercises%2Fnode_modules%2Fkarma-jasmine%2Flib%2Fjasmine.js%3F437512c57124d57f5ec77e2e82bfb4e3cdd15cce%3A2167
    at C:/Users/Paweł/Documents/GitHub/angular-egghead-exercises/app/bower_components/angular/angular.js:4088
    at forEach (C:/Users/Paweł/Documents/GitHub/angular-egghead-exercises/app/bower_components/angular/angular.js:335)
    at loadModules (C:/Users/Paweł/Documents/GitHub/angular-egghead-exercises/app/bower_components/angular/angular.js:4090)
    at createInjector (C:/Users/Paweł/Documents/GitHub/angular-egghead-exercises/app/bower_components/angular/angular.js:3974)
    at workFn (C:/Users/Paweł/Documents/GitHub/angular-egghead-exercises/app/bower_components/angular-mocks/angular-mocks.js:2244)
</failure>
      <failure type="">spyOn could not find an object to spy upon for alert()
</failure>
      <failure type="">TypeError: &apos;undefined&apos; is not an object (evaluating &apos;button.triggerHandler&apos;)
    at C:/Users/Pawe%C5%82/Documents/GitHub/angular-egghead-exercises/test/unit/box.spec.js?8282ee1f372252300dc6e7bd4756dd2c458bcf97:44
</failure>
    </testcase>
    <testcase name="should display &quot;My name is : Box. I am 70px and red&quot; alert message" time="0.003" classname="PhantomJS 1.9.8 (Windows 8).box mediumBox">
      <failure type="">Error: [$injector:modulerr] Failed to instantiate module templates due to:
Error: [$injector:nomod] Module &apos;templates&apos; is not available! You either misspelled the module name or forgot to load it. If registering a module ensure that you specify the dependencies as the second argument.
http://errors.angularjs.org/1.3.0/$injector/nomod?p0=templates
    at C:/Users/Paweł/Documents/GitHub/angular-egghead-exercises/app/bower_components/angular/angular.js:1799
    at ensure (C:/Users/Paweł/Documents/GitHub/angular-egghead-exercises/app/bower_components/angular/angular.js:1721)
    at module (C:/Users/Paweł/Documents/GitHub/angular-egghead-exercises/app/bower_components/angular/angular.js:2017)
    at C:/Users/Paweł/Documents/GitHub/angular-egghead-exercises/app/bower_components/angular/angular.js:4064
    at forEach (C:/Users/Paweł/Documents/GitHub/angular-egghead-exercises/app/bower_components/angular/angular.js:335)
    at loadModules (C:/Users/Paweł/Documents/GitHub/angular-egghead-exercises/app/bower_components/angular/angular.js:4090)
    at createInjector (C:/Users/Paweł/Documents/GitHub/angular-egghead-exercises/app/bower_components/angular/angular.js:3974)
    at workFn (C:/Users/Paweł/Documents/GitHub/angular-egghead-exercises/app/bower_components/angular-mocks/angular-mocks.js:2244)
http://errors.angularjs.org/1.3.0/$injector/modulerr?p0=templates&amp;p1=Error%3A%20%5B%24injector%3Anomod%5D%20Module%20&apos;templates&apos;%20is%20not%20available!%20You%20either%20misspelled%20the%20module%20name%20or%20forgot%20to%20load%20it.%20If%20registering%20a%20module%20ensure%20that%20you%20specify%20the%20dependencies%20as%20the%20second%20argument.%0Ahttp%3A%2F%2Ferrors.angularjs.org%2F1.3.0%2F%24injector%2Fnomod%3Fp0%3Dtemplates%0A%20%20%20%20at%20http%3A%2F%2Flocalhost%3A8081%2Fbase%2Fbower_components%2Fangular%2Fangular.js%3Fb7cb79dedc270711f70c105f6615ad7a7d9d3369%3A1799%0A%20%20%20%20at%20ensure%20(http%3A%2F%2Flocalhost%3A8081%2Fbase%2Fbower_components%2Fangular%2Fangular.js%3Fb7cb79dedc270711f70c105f6615ad7a7d9d3369%3A1721)%0A%20%20%20%20at%20module%20(http%3A%2F%2Flocalhost%3A8081%2Fbase%2Fbower_components%2Fangular%2Fangular.js%3Fb7cb79dedc270711f70c105f6615ad7a7d9d3369%3A2017)%0A%20%20%20%20at%20http%3A%2F%2Flocalhost%3A8081%2Fbase%2Fbower_components%2Fangular%2Fangular.js%3Fb7cb79dedc270711f70c105f6615ad7a7d9d3369%3A4064%0A%20%20%20%20at%20forEach%20(http%3A%2F%2Flocalhost%3A8081%2Fbase%2Fbower_components%2Fangular%2Fangular.js%3Fb7cb79dedc270711f70c105f6615ad7a7d9d3369%3A335)%0A%20%20%20%20at%20loadModules%20(http%3A%2F%2Flocalhost%3A8081%2Fbase%2Fbower_components%2Fangular%2Fangular.js%3Fb7cb79dedc270711f70c105f6615ad7a7d9d3369%3A4090)%0A%20%20%20%20at%20createInjector%20(http%3A%2F%2Flocalhost%3A8081%2Fbase%2Fbower_components%2Fangular%2Fangular.js%3Fb7cb79dedc270711f70c105f6615ad7a7d9d3369%3A3974)%0A%20%20%20%20at%20workFn%20(http%3A%2F%2Flocalhost%3A8081%2Fbase%2Fbower_components%2Fangular-mocks%2Fangular-mocks.js%3F4aa2e6ee0fcd5a57346fdd013e4f2a173647b8b9%3A2244)%0A%20%20%20%20at%20http%3A%2F%2Flocalhost%3A8081%2FabsoluteC%3A%2FUsers%2FPawe%25C5%2582%2FDocuments%2FGitHub%2Fangular-egghead-exercises%2Fnode_modules%2Fkarma-jasmine%2Flib%2Fjasmine.js%3F437512c57124d57f5ec77e2e82bfb4e3cdd15cce%3A1145%0A%20%20%20%20at%20http%3A%2F%2Flocalhost%3A8081%2FabsoluteC%3A%2FUsers%2FPawe%25C5%2582%2FDocuments%2FGitHub%2Fangular-egghead-exercises%2Fnode_modules%2Fkarma-jasmine%2Flib%2Fjasmine.js%3F437512c57124d57f5ec77e2e82bfb4e3cdd15cce%3A2177%0A%20%20%20%20at%20http%3A%2F%2Flocalhost%3A8081%2FabsoluteC%3A%2FUsers%2FPawe%25C5%2582%2FDocuments%2FGitHub%2Fangular-egghead-exercises%2Fnode_modules%2Fkarma-jasmine%2Flib%2Fjasmine.js%3F437512c57124d57f5ec77e2e82bfb4e3cdd15cce%3A2130%0A%20%20%20%20at%20http%3A%2F%2Flocalhost%3A8081%2FabsoluteC%3A%2FUsers%2FPawe%25C5%2582%2FDocuments%2FGitHub%2Fangular-egghead-exercises%2Fnode_modules%2Fkarma-jasmine%2Flib%2Fjasmine.js%3F437512c57124d57f5ec77e2e82bfb4e3cdd15cce%3A2460%0A%20%20%20%20at%20http%3A%2F%2Flocalhost%3A8081%2FabsoluteC%3A%2FUsers%2FPawe%25C5%2582%2FDocuments%2FGitHub%2Fangular-egghead-exercises%2Fnode_modules%2Fkarma-jasmine%2Flib%2Fjasmine.js%3F437512c57124d57f5ec77e2e82bfb4e3cdd15cce%3A2177%0A%20%20%20%20at%20http%3A%2F%2Flocalhost%3A8081%2FabsoluteC%3A%2FUsers%2FPawe%25C5%2582%2FDocuments%2FGitHub%2Fangular-egghead-exercises%2Fnode_modules%2Fkarma-jasmine%2Flib%2Fjasmine.js%3F437512c57124d57f5ec77e2e82bfb4e3cdd15cce%3A2130%0A%20%20%20%20at%20http%3A%2F%2Flocalhost%3A8081%2FabsoluteC%3A%2FUsers%2FPawe%25C5%2582%2FDocuments%2FGitHub%2Fangular-egghead-exercises%2Fnode_modules%2Fkarma-jasmine%2Flib%2Fjasmine.js%3F437512c57124d57f5ec77e2e82bfb4e3cdd15cce%3A2606%0A%20%20%20%20at%20http%3A%2F%2Flocalhost%3A8081%2FabsoluteC%3A%2FUsers%2FPawe%25C5%2582%2FDocuments%2FGitHub%2Fangular-egghead-exercises%2Fnode_modules%2Fkarma-jasmine%2Flib%2Fjasmine.js%3F437512c57124d57f5ec77e2e82bfb4e3cdd15cce%3A2177%0A%20%20%20%20at%20http%3A%2F%2Flocalhost%3A8081%2FabsoluteC%3A%2FUsers%2FPawe%25C5%2582%2FDocuments%2FGitHub%2Fangular-egghead-exercises%2Fnode_modules%2Fkarma-jasmine%2Flib%2Fjasmine.js%3F437512c57124d57f5ec77e2e82bfb4e3cdd15cce%3A2173%0A%20%20%20%20at%20http%3A%2F%2Flocalhost%3A8081%2FabsoluteC%3A%2FUsers%2FPawe%25C5%2582%2FDocuments%2FGitHub%2Fangular-egghead-exercises%2Fnode_modules%2Fkarma-jasmine%2Flib%2Fjasmine.js%3F437512c57124d57f5ec77e2e82bfb4e3cdd15cce%3A2561%0A%20%20%20%20at%20http%3A%2F%2Flocalhost%3A8081%2FabsoluteC%3A%2FUsers%2FPawe%25C5%2582%2FDocuments%2FGitHub%2Fangular-egghead-exercises%2Fnode_modules%2Fkarma-jasmine%2Flib%2Fjasmine.js%3F437512c57124d57f5ec77e2e82bfb4e3cdd15cce%3A2605%0A%20%20%20%20at%20http%3A%2F%2Flocalhost%3A8081%2FabsoluteC%3A%2FUsers%2FPawe%25C5%2582%2FDocuments%2FGitHub%2Fangular-egghead-exercises%2Fnode_modules%2Fkarma-jasmine%2Flib%2Fjasmine.js%3F437512c57124d57f5ec77e2e82bfb4e3cdd15cce%3A2187%0A%20%20%20%20at%20http%3A%2F%2Flocalhost%3A8081%2FabsoluteC%3A%2FUsers%2FPawe%25C5%2582%2FDocuments%2FGitHub%2Fangular-egghead-exercises%2Fnode_modules%2Fkarma-jasmine%2Flib%2Fjasmine.js%3F437512c57124d57f5ec77e2e82bfb4e3cdd15cce%3A2173%0A%20%20%20%20at%20http%3A%2F%2Flocalhost%3A8081%2FabsoluteC%3A%2FUsers%2FPawe%25C5%2582%2FDocuments%2FGitHub%2Fangular-egghead-exercises%2Fnode_modules%2Fkarma-jasmine%2Flib%2Fjasmine.js%3F437512c57124d57f5ec77e2e82bfb4e3cdd15cce%3A2432%0A%20%20%20%20at%20http%3A%2F%2Flocalhost%3A8081%2FabsoluteC%3A%2FUsers%2FPawe%25C5%2582%2FDocuments%2FGitHub%2Fangular-egghead-exercises%2Fnode_modules%2Fkarma-jasmine%2Flib%2Fjasmine.js%3F437512c57124d57f5ec77e2e82bfb4e3cdd15cce%3A2459%0A%20%20%20%20at%20http%3A%2F%2Flocalhost%3A8081%2FabsoluteC%3A%2FUsers%2FPawe%25C5%2582%2FDocuments%2FGitHub%2Fangular-egghead-exercises%2Fnode_modules%2Fkarma-jasmine%2Flib%2Fjasmine.js%3F437512c57124d57f5ec77e2e82bfb4e3cdd15cce%3A2187%0A%20%20%20%20at%20http%3A%2F%2Flocalhost%3A8081%2FabsoluteC%3A%2FUsers%2FPawe%25C5%2582%2FDocuments%2FGitHub%2Fangular-egghead-exercises%2Fnode_modules%2Fkarma-jasmine%2Flib%2Fjasmine.js%3F437512c57124d57f5ec77e2e82bfb4e3cdd15cce%3A2167
    at C:/Users/Paweł/Documents/GitHub/angular-egghead-exercises/app/bower_components/angular/angular.js:4088
    at forEach (C:/Users/Paweł/Documents/GitHub/angular-egghead-exercises/app/bower_components/angular/angular.js:335)
    at loadModules (C:/Users/Paweł/Documents/GitHub/angular-egghead-exercises/app/bower_components/angular/angular.js:4090)
    at createInjector (C:/Users/Paweł/Documents/GitHub/angular-egghead-exercises/app/bower_components/angular/angular.js:3974)
    at workFn (C:/Users/Paweł/Documents/GitHub/angular-egghead-exercises/app/bower_components/angular-mocks/angular-mocks.js:2244)
</failure>
      <failure type="">spyOn could not find an object to spy upon for alert()
</failure>
      <failure type="">TypeError: &apos;undefined&apos; is not an object (evaluating &apos;button.triggerHandler&apos;)
    at C:/Users/Pawe%C5%82/Documents/GitHub/angular-egghead-exercises/test/unit/box.spec.js?8282ee1f372252300dc6e7bd4756dd2c458bcf97:59
</failure>
    </testcase>
    <testcase name="should display &quot;My name is : Box. I am 90px and red&quot; alert message" time="0.001" classname="PhantomJS 1.9.8 (Windows 8).box bigBox">
      <failure type="">Error: [$injector:modulerr] Failed to instantiate module templates due to:
Error: [$injector:nomod] Module &apos;templates&apos; is not available! You either misspelled the module name or forgot to load it. If registering a module ensure that you specify the dependencies as the second argument.
http://errors.angularjs.org/1.3.0/$injector/nomod?p0=templates
    at C:/Users/Paweł/Documents/GitHub/angular-egghead-exercises/app/bower_components/angular/angular.js:1799
    at ensure (C:/Users/Paweł/Documents/GitHub/angular-egghead-exercises/app/bower_components/angular/angular.js:1721)
    at module (C:/Users/Paweł/Documents/GitHub/angular-egghead-exercises/app/bower_components/angular/angular.js:2017)
    at C:/Users/Paweł/Documents/GitHub/angular-egghead-exercises/app/bower_components/angular/angular.js:4064
    at forEach (C:/Users/Paweł/Documents/GitHub/angular-egghead-exercises/app/bower_components/angular/angular.js:335)
    at loadModules (C:/Users/Paweł/Documents/GitHub/angular-egghead-exercises/app/bower_components/angular/angular.js:4090)
    at createInjector (C:/Users/Paweł/Documents/GitHub/angular-egghead-exercises/app/bower_components/angular/angular.js:3974)
    at workFn (C:/Users/Paweł/Documents/GitHub/angular-egghead-exercises/app/bower_components/angular-mocks/angular-mocks.js:2244)
http://errors.angularjs.org/1.3.0/$injector/modulerr?p0=templates&amp;p1=Error%3A%20%5B%24injector%3Anomod%5D%20Module%20&apos;templates&apos;%20is%20not%20available!%20You%20either%20misspelled%20the%20module%20name%20or%20forgot%20to%20load%20it.%20If%20registering%20a%20module%20ensure%20that%20you%20specify%20the%20dependencies%20as%20the%20second%20argument.%0Ahttp%3A%2F%2Ferrors.angularjs.org%2F1.3.0%2F%24injector%2Fnomod%3Fp0%3Dtemplates%0A%20%20%20%20at%20http%3A%2F%2Flocalhost%3A8081%2Fbase%2Fbower_components%2Fangular%2Fangular.js%3Fb7cb79dedc270711f70c105f6615ad7a7d9d3369%3A1799%0A%20%20%20%20at%20ensure%20(http%3A%2F%2Flocalhost%3A8081%2Fbase%2Fbower_components%2Fangular%2Fangular.js%3Fb7cb79dedc270711f70c105f6615ad7a7d9d3369%3A1721)%0A%20%20%20%20at%20module%20(http%3A%2F%2Flocalhost%3A8081%2Fbase%2Fbower_components%2Fangular%2Fangular.js%3Fb7cb79dedc270711f70c105f6615ad7a7d9d3369%3A2017)%0A%20%20%20%20at%20http%3A%2F%2Flocalhost%3A8081%2Fbase%2Fbower_components%2Fangular%2Fangular.js%3Fb7cb79dedc270711f70c105f6615ad7a7d9d3369%3A4064%0A%20%20%20%20at%20forEach%20(http%3A%2F%2Flocalhost%3A8081%2Fbase%2Fbower_components%2Fangular%2Fangular.js%3Fb7cb79dedc270711f70c105f6615ad7a7d9d3369%3A335)%0A%20%20%20%20at%20loadModules%20(http%3A%2F%2Flocalhost%3A8081%2Fbase%2Fbower_components%2Fangular%2Fangular.js%3Fb7cb79dedc270711f70c105f6615ad7a7d9d3369%3A4090)%0A%20%20%20%20at%20createInjector%20(http%3A%2F%2Flocalhost%3A8081%2Fbase%2Fbower_components%2Fangular%2Fangular.js%3Fb7cb79dedc270711f70c105f6615ad7a7d9d3369%3A3974)%0A%20%20%20%20at%20workFn%20(http%3A%2F%2Flocalhost%3A8081%2Fbase%2Fbower_components%2Fangular-mocks%2Fangular-mocks.js%3F4aa2e6ee0fcd5a57346fdd013e4f2a173647b8b9%3A2244)%0A%20%20%20%20at%20http%3A%2F%2Flocalhost%3A8081%2FabsoluteC%3A%2FUsers%2FPawe%25C5%2582%2FDocuments%2FGitHub%2Fangular-egghead-exercises%2Fnode_modules%2Fkarma-jasmine%2Flib%2Fjasmine.js%3F437512c57124d57f5ec77e2e82bfb4e3cdd15cce%3A1145%0A%20%20%20%20at%20http%3A%2F%2Flocalhost%3A8081%2FabsoluteC%3A%2FUsers%2FPawe%25C5%2582%2FDocuments%2FGitHub%2Fangular-egghead-exercises%2Fnode_modules%2Fkarma-jasmine%2Flib%2Fjasmine.js%3F437512c57124d57f5ec77e2e82bfb4e3cdd15cce%3A2177%0A%20%20%20%20at%20http%3A%2F%2Flocalhost%3A8081%2FabsoluteC%3A%2FUsers%2FPawe%25C5%2582%2FDocuments%2FGitHub%2Fangular-egghead-exercises%2Fnode_modules%2Fkarma-jasmine%2Flib%2Fjasmine.js%3F437512c57124d57f5ec77e2e82bfb4e3cdd15cce%3A2130%0A%20%20%20%20at%20http%3A%2F%2Flocalhost%3A8081%2FabsoluteC%3A%2FUsers%2FPawe%25C5%2582%2FDocuments%2FGitHub%2Fangular-egghead-exercises%2Fnode_modules%2Fkarma-jasmine%2Flib%2Fjasmine.js%3F437512c57124d57f5ec77e2e82bfb4e3cdd15cce%3A2460%0A%20%20%20%20at%20http%3A%2F%2Flocalhost%3A8081%2FabsoluteC%3A%2FUsers%2FPawe%25C5%2582%2FDocuments%2FGitHub%2Fangular-egghead-exercises%2Fnode_modules%2Fkarma-jasmine%2Flib%2Fjasmine.js%3F437512c57124d57f5ec77e2e82bfb4e3cdd15cce%3A2177%0A%20%20%20%20at%20http%3A%2F%2Flocalhost%3A8081%2FabsoluteC%3A%2FUsers%2FPawe%25C5%2582%2FDocuments%2FGitHub%2Fangular-egghead-exercises%2Fnode_modules%2Fkarma-jasmine%2Flib%2Fjasmine.js%3F437512c57124d57f5ec77e2e82bfb4e3cdd15cce%3A2130%0A%20%20%20%20at%20http%3A%2F%2Flocalhost%3A8081%2FabsoluteC%3A%2FUsers%2FPawe%25C5%2582%2FDocuments%2FGitHub%2Fangular-egghead-exercises%2Fnode_modules%2Fkarma-jasmine%2Flib%2Fjasmine.js%3F437512c57124d57f5ec77e2e82bfb4e3cdd15cce%3A2606%0A%20%20%20%20at%20http%3A%2F%2Flocalhost%3A8081%2FabsoluteC%3A%2FUsers%2FPawe%25C5%2582%2FDocuments%2FGitHub%2Fangular-egghead-exercises%2Fnode_modules%2Fkarma-jasmine%2Flib%2Fjasmine.js%3F437512c57124d57f5ec77e2e82bfb4e3cdd15cce%3A2177%0A%20%20%20%20at%20http%3A%2F%2Flocalhost%3A8081%2FabsoluteC%3A%2FUsers%2FPawe%25C5%2582%2FDocuments%2FGitHub%2Fangular-egghead-exercises%2Fnode_modules%2Fkarma-jasmine%2Flib%2Fjasmine.js%3F437512c57124d57f5ec77e2e82bfb4e3cdd15cce%3A2173%0A%20%20%20%20at%20http%3A%2F%2Flocalhost%3A8081%2FabsoluteC%3A%2FUsers%2FPawe%25C5%2582%2FDocuments%2FGitHub%2Fangular-egghead-exercises%2Fnode_modules%2Fkarma-jasmine%2Flib%2Fjasmine.js%3F437512c57124d57f5ec77e2e82bfb4e3cdd15cce%3A2561%0A%20%20%20%20at%20http%3A%2F%2Flocalhost%3A8081%2FabsoluteC%3A%2FUsers%2FPawe%25C5%2582%2FDocuments%2FGitHub%2Fangular-egghead-exercises%2Fnode_modules%2Fkarma-jasmine%2Flib%2Fjasmine.js%3F437512c57124d57f5ec77e2e82bfb4e3cdd15cce%3A2605%0A%20%20%20%20at%20http%3A%2F%2Flocalhost%3A8081%2FabsoluteC%3A%2FUsers%2FPawe%25C5%2582%2FDocuments%2FGitHub%2Fangular-egghead-exercises%2Fnode_modules%2Fkarma-jasmine%2Flib%2Fjasmine.js%3F437512c57124d57f5ec77e2e82bfb4e3cdd15cce%3A2187%0A%20%20%20%20at%20http%3A%2F%2Flocalhost%3A8081%2FabsoluteC%3A%2FUsers%2FPawe%25C5%2582%2FDocuments%2FGitHub%2Fangular-egghead-exercises%2Fnode_modules%2Fkarma-jasmine%2Flib%2Fjasmine.js%3F437512c57124d57f5ec77e2e82bfb4e3cdd15cce%3A2173%0A%20%20%20%20at%20http%3A%2F%2Flocalhost%3A8081%2FabsoluteC%3A%2FUsers%2FPawe%25C5%2582%2FDocuments%2FGitHub%2Fangular-egghead-exercises%2Fnode_modules%2Fkarma-jasmine%2Flib%2Fjasmine.js%3F437512c57124d57f5ec77e2e82bfb4e3cdd15cce%3A2432%0A%20%20%20%20at%20http%3A%2F%2Flocalhost%3A8081%2FabsoluteC%3A%2FUsers%2FPawe%25C5%2582%2FDocuments%2FGitHub%2Fangular-egghead-exercises%2Fnode_modules%2Fkarma-jasmine%2Flib%2Fjasmine.js%3F437512c57124d57f5ec77e2e82bfb4e3cdd15cce%3A2459%0A%20%20%20%20at%20http%3A%2F%2Flocalhost%3A8081%2FabsoluteC%3A%2FUsers%2FPawe%25C5%2582%2FDocuments%2FGitHub%2Fangular-egghead-exercises%2Fnode_modules%2Fkarma-jasmine%2Flib%2Fjasmine.js%3F437512c57124d57f5ec77e2e82bfb4e3cdd15cce%3A2187%0A%20%20%20%20at%20http%3A%2F%2Flocalhost%3A8081%2FabsoluteC%3A%2FUsers%2FPawe%25C5%2582%2FDocuments%2FGitHub%2Fangular-egghead-exercises%2Fnode_modules%2Fkarma-jasmine%2Flib%2Fjasmine.js%3F437512c57124d57f5ec77e2e82bfb4e3cdd15cce%3A2167
    at C:/Users/Paweł/Documents/GitHub/angular-egghead-exercises/app/bower_components/angular/angular.js:4088
    at forEach (C:/Users/Paweł/Documents/GitHub/angular-egghead-exercises/app/bower_components/angular/angular.js:335)
    at loadModules (C:/Users/Paweł/Documents/GitHub/angular-egghead-exercises/app/bower_components/angular/angular.js:4090)
    at createInjector (C:/Users/Paweł/Documents/GitHub/angular-egghead-exercises/app/bower_components/angular/angular.js:3974)
    at workFn (C:/Users/Paweł/Documents/GitHub/angular-egghead-exercises/app/bower_components/angular-mocks/angular-mocks.js:2244)
</failure>
      <failure type="">spyOn could not find an object to spy upon for alert()
</failure>
      <failure type="">TypeError: &apos;undefined&apos; is not an object (evaluating &apos;button.triggerHandler&apos;)
    at C:/Users/Pawe%C5%82/Documents/GitHub/angular-egghead-exercises/test/unit/box.spec.js?8282ee1f372252300dc6e7bd4756dd2c458bcf97:73
</failure>
    </testcase>
    <system-out><![CDATA[
]]></system-out>
    <system-err/>
  </testsuite>
</testsuites>
